[0m20:36:36.910646 [debug] [MainThread]: Sending event: {'category': 'dbt', 'action': 'invocation', 'label': 'start', 'context': [<snowplow_tracker.self_describing_json.SelfDescribingJson object at 0x108b21af0>, <snowplow_tracker.self_describing_json.SelfDescribingJson object at 0x10ad99760>, <snowplow_tracker.self_describing_json.SelfDescribingJson object at 0x10ad98ce0>]}


============================== 20:36:36.914655 | 1dfaccae-924f-44a2-b37b-e8b0b608ad35 ==============================
[0m20:36:36.914655 [info ] [MainThread]: Running with dbt=1.10.19
[0m20:36:36.915015 [debug] [MainThread]: running dbt with arguments {'introspect': 'True', 'use_colors': 'True', 'version_check': 'True', 'printer_width': '80', 'warn_error': 'None', 'empty': 'None', 'no_print': 'None', 'indirect_selection': 'eager', 'cache_selected_only': 'False', 'debug': 'False', 'fail_fast': 'False', 'log_cache_events': 'False', 'log_path': 'logs', 'use_experimental_parser': 'False', 'send_anonymous_usage_stats': 'True', 'target_path': 'None', 'static_parser': 'True', 'log_format': 'default', 'warn_error_options': 'WarnErrorOptionsV2(error=[], warn=[], silence=[])', 'quiet': 'False', 'profiles_dir': '/Users/vadim.sokoltsov/.dbt', 'partial_parse': 'True', 'write_json': 'True', 'invocation_command': 'dbt init'}
[0m20:36:36.929138 [info ] [MainThread]: Creating dbt configuration folder at /Users/vadim.sokoltsov/.dbt
[0m20:37:29.488740 [debug] [MainThread]: Starter project path: /Users/vadim.sokoltsov/learning/datatalks.club/.venv/lib/python3.12/site-packages/dbt/include/starter_project
[0m20:37:29.505910 [info ] [MainThread]: 
Your new dbt project "taxi_rides_ny" was created!

For more information on how to configure the profiles.yml file,
please consult the dbt documentation here:

  https://docs.getdbt.com/docs/configure-your-profile

One more thing:

Need help? Don't hesitate to reach out to us via GitHub issues or on Slack:

  https://community.getdbt.com/

Happy modeling!

[0m20:37:29.506570 [info ] [MainThread]: Setting up your profile.
[0m20:39:16.207016 [info ] [MainThread]: Profile taxi_rides_ny written to /Users/vadim.sokoltsov/.dbt/profiles.yml using target's profile_template.yml and your supplied values. Run 'dbt debug' to validate the connection.
[0m20:39:16.208999 [debug] [MainThread]: Resource report: {"command_name": "init", "command_success": true, "command_wall_clock_time": 159.35245, "process_in_blocks": "0", "process_kernel_time": 2.20024, "process_mem_max_rss": "446808064", "process_out_blocks": "0", "process_user_time": 8.474161}
[0m20:39:16.210094 [debug] [MainThread]: Command `dbt init` succeeded at 20:39:16.209913 after 159.35 seconds
[0m20:39:16.210763 [debug] [MainThread]: Sending event: {'category': 'dbt', 'action': 'invocation', 'label': 'end', 'context': [<snowplow_tracker.self_describing_json.SelfDescribingJson object at 0x10ad99610>, <snowplow_tracker.self_describing_json.SelfDescribingJson object at 0x1193d91f0>, <snowplow_tracker.self_describing_json.SelfDescribingJson object at 0x11a5c18e0>]}
[0m20:39:16.211471 [debug] [MainThread]: Flushing usage events
[0m20:39:16.716777 [debug] [MainThread]: An error was encountered while trying to flush usage events
[0m20:46:19.383247 [debug] [MainThread]: Sending event: {'category': 'dbt', 'action': 'invocation', 'label': 'start', 'context': [<snowplow_tracker.self_describing_json.SelfDescribingJson object at 0x10e8f0e30>, <snowplow_tracker.self_describing_json.SelfDescribingJson object at 0x10ecde4b0>, <snowplow_tracker.self_describing_json.SelfDescribingJson object at 0x10ecde000>]}


============================== 20:46:19.386137 | 6121a9a2-85ed-46e1-a21e-5cdc37828337 ==============================
[0m20:46:19.386137 [info ] [MainThread]: Running with dbt=1.10.19
[0m20:46:19.386491 [debug] [MainThread]: running dbt with arguments {'warn_error': 'None', 'write_json': 'True', 'quiet': 'False', 'introspect': 'True', 'use_colors': 'True', 'indirect_selection': 'eager', 'target_path': 'None', 'use_experimental_parser': 'False', 'invocation_command': 'dbt deps', 'profiles_dir': '/Users/vadim.sokoltsov/.dbt', 'log_cache_events': 'False', 'log_path': 'logs', 'printer_width': '80', 'version_check': 'True', 'fail_fast': 'False', 'cache_selected_only': 'False', 'log_format': 'default', 'partial_parse': 'True', 'empty': 'None', 'no_print': 'None', 'static_parser': 'True', 'warn_error_options': 'WarnErrorOptionsV2(error=[], warn=[], silence=[])', 'debug': 'False', 'send_anonymous_usage_stats': 'True'}
[0m20:46:19.387026 [error] [MainThread]: Encountered an error:
Runtime Error
  No dbt_project.yml found at expected path /Users/vadim.sokoltsov/learning/datatalks.club/de_zoomcamp/04-analytics-engineering/dbt_project.yml
  Verify that each entry within packages.yml (and their transitive dependencies) contains a file named dbt_project.yml
  
[0m20:46:19.388399 [debug] [MainThread]: Resource report: {"command_name": "deps", "command_success": false, "command_wall_clock_time": 0.05698171, "process_in_blocks": "0", "process_kernel_time": 0.139524, "process_mem_max_rss": "124665856", "process_out_blocks": "0", "process_user_time": 1.357445}
[0m20:46:19.388730 [debug] [MainThread]: Command `dbt deps` failed at 20:46:19.388681 after 0.06 seconds
[0m20:46:19.388933 [debug] [MainThread]: Sending event: {'category': 'dbt', 'action': 'invocation', 'label': 'end', 'context': [<snowplow_tracker.self_describing_json.SelfDescribingJson object at 0x10eaf2030>, <snowplow_tracker.self_describing_json.SelfDescribingJson object at 0x10ec73140>, <snowplow_tracker.self_describing_json.SelfDescribingJson object at 0x10ecde300>]}
[0m20:46:19.389126 [debug] [MainThread]: Flushing usage events
[0m20:46:19.939605 [debug] [MainThread]: An error was encountered while trying to flush usage events
